<?xml version="1.0" encoding="UTF-8"?>
<!-- Generated by org.testng.reporters.JUnitReportReporter -->
<testsuite hostname="DESKTOP-MEL0TQP" failures="0" tests="1" name="practice_sleneium.BL1Test" time="3.901" errors="0" timestamp="2024-06-02T21:00:29 IST" skipped="0">
  <testcase classname="practice_sleneium.BL1Test" name="BlTest" time="3.901"/>
  <system-out/>
</testsuite> <!-- practice_sleneium.BL1Test -->
