<?xml version="1.0" encoding="UTF-8"?>
<!-- Generated by org.testng.reporters.JUnitReportReporter -->
<testsuite hostname="DESKTOP-MEL0TQP" failures="0" tests="1" name="practice_sleneium.BrowserLaunching1" time="3.508" errors="0" timestamp="2024-04-25T21:15:00 IST" skipped="0">
  <testcase classname="practice_sleneium.BrowserLaunching1" name="browserLaunch2" time="3.508"/>
  <system-out/>
</testsuite> <!-- practice_sleneium.BrowserLaunching1 -->
