<?xml version="1.0" encoding="UTF-8"?>
<!-- Generated by org.testng.reporters.JUnitReportReporter -->
<testsuite hostname="DESKTOP-MEL0TQP" failures="0" tests="1" name="practice_sleneium.BrowserLaunching" time="7.930" errors="0" timestamp="2024-06-02T20:24:21 IST" skipped="0">
  <testcase classname="practice_sleneium.BrowserLaunching" name="BrowserLaunch" time="7.930"/>
  <system-out/>
</testsuite> <!-- practice_sleneium.BrowserLaunching -->
