<?xml version="1.0" encoding="UTF-8"?>
<!-- Generated by org.testng.reporters.JUnitReportReporter -->
<testsuite hostname="DESKTOP-MEL0TQP" failures="0" tests="1" name="vtiger.CreateOrganizationTest1" time="27.612" errors="0" timestamp="2024-06-02T20:24:21 IST" skipped="0">
  <testcase classname="vtiger.CreateOrganizationTest1" name="createOrganizationTest" time="27.612"/>
  <system-out/>
</testsuite> <!-- vtiger.CreateOrganizationTest1 -->
