<?xml version="1.0" encoding="UTF-8"?>
<!-- Generated by org.testng.reporters.JUnitReportReporter -->
<testsuite hostname="DESKTOP-MEL0TQP" failures="0" tests="2" name="practice_sleneium.DataProvider1" time="0.011" errors="0" timestamp="2024-05-12T20:29:17 IST" skipped="0">
  <testcase classname="practice_sleneium.DataProvider1" name="getTickets" time="0.009"/>
  <system-out/>
  <testcase classname="practice_sleneium.DataProvider1" name="getTickets" time="0.002"/>
  <system-out/>
</testsuite> <!-- practice_sleneium.DataProvider1 -->
