<?xml version="1.0" encoding="UTF-8"?>
<!-- Generated by org.testng.reporters.JUnitReportReporter -->
<testsuite hostname="DESKTOP-MEL0TQP" failures="0" tests="3" name="practice_sleneium.DataProvider2" time="40.273" errors="0" timestamp="2024-05-12T20:30:29 IST" skipped="0">
  <testcase classname="practice_sleneium.DataProvider2" name="dataProvider2" time="15.844"/>
  <system-out/>
  <testcase classname="practice_sleneium.DataProvider2" name="dataProvider2" time="12.314"/>
  <system-out/>
  <testcase classname="practice_sleneium.DataProvider2" name="dataProvider2" time="12.115"/>
  <system-out/>
</testsuite> <!-- practice_sleneium.DataProvider2 -->
