<?xml version="1.0" encoding="UTF-8"?>
<!-- Generated by org.testng.reporters.JUnitReportReporter -->
<testsuite hostname="DESKTOP-MEL0TQP" failures="0" tests="1" name="vtiger.CreateCampaignWithProductTest1" time="27.552" errors="0" timestamp="2024-04-15T21:13:14 IST" skipped="0">
  <testcase classname="vtiger.CreateCampaignWithProductTest1" name="CreateCampaignWithProductTest1" time="27.552"/>
  <system-out/>
</testsuite> <!-- vtiger.CreateCampaignWithProductTest1 -->
